{"level":"info","message":"::1 - - [18/Jan/2023:21:20:25 +0000] \"GET /user/login HTTP/1.1\" 403 9 \"-\" \"PostmanRuntime/7.30.0\"\n","timestamp":"2023-01-18T21:20:25.312Z"}
{"level":"info","message":"::1 - - [18/Jan/2023:21:21:02 +0000] \"GET /user/login HTTP/1.1\" 403 9 \"-\" \"PostmanRuntime/7.30.0\"\n","timestamp":"2023-01-18T21:21:02.170Z"}
{"level":"info","message":"::1 - - [18/Jan/2023:21:22:27 +0000] \"GET /user/login HTTP/1.1\" 404 149 \"-\" \"PostmanRuntime/7.30.0\"\n","timestamp":"2023-01-18T21:22:27.154Z"}
{"level":"info","message":"::1 - - [18/Jan/2023:21:23:18 +0000] \"POST /user/login HTTP/1.1\" 500 66 \"-\" \"PostmanRuntime/7.30.0\"\n","timestamp":"2023-01-18T21:23:18.671Z"}
{"level":"info","message":"::1 - - [18/Jan/2023:21:24:24 +0000] \"POST /user/login HTTP/1.1\" 500 66 \"-\" \"PostmanRuntime/7.30.0\"\n","timestamp":"2023-01-18T21:24:24.100Z"}
{"level":"info","message":"::1 - - [18/Jan/2023:21:25:30 +0000] \"POST /user/login HTTP/1.1\" 500 66 \"-\" \"PostmanRuntime/7.30.0\"\n","timestamp":"2023-01-18T21:25:30.383Z"}
{"level":"info","message":"::1 - - [18/Jan/2023:21:26:45 +0000] \"POST /user/login HTTP/1.1\" 500 66 \"-\" \"PostmanRuntime/7.30.0\"\n","timestamp":"2023-01-18T21:26:45.160Z"}
{"level":"info","message":"::1 - - [18/Jan/2023:21:27:30 +0000] \"POST /user/login HTTP/1.1\" 500 66 \"-\" \"PostmanRuntime/7.30.0\"\n","timestamp":"2023-01-18T21:27:30.514Z"}
{"level":"info","message":"::1 - - [18/Jan/2023:21:28:02 +0000] \"POST /user/login HTTP/1.1\" 200 278 \"-\" \"PostmanRuntime/7.30.0\"\n","timestamp":"2023-01-18T21:28:02.368Z"}
{"level":"info","message":"::1 - - [18/Jan/2023:21:32:42 +0000] \"GET /user HTTP/1.1\" 403 9 \"-\" \"PostmanRuntime/7.30.0\"\n","timestamp":"2023-01-18T21:32:42.253Z"}
{"level":"info","message":"::1 - - [18/Jan/2023:21:33:22 +0000] \"GET /user HTTP/1.1\" 200 5805 \"-\" \"PostmanRuntime/7.30.0\"\n","timestamp":"2023-01-18T21:33:22.230Z"}
{"level":"info","message":"::1 - - [18/Jan/2023:21:33:57 +0000] \"GET /user HTTP/1.1\" 200 5805 \"-\" \"PostmanRuntime/7.30.0\"\n","timestamp":"2023-01-18T21:33:57.469Z"}
{"level":"info","message":"::1 - - [18/Jan/2023:21:34:10 +0000] \"GET /user HTTP/1.1\" 200 5805 \"-\" \"PostmanRuntime/7.30.0\"\n","timestamp":"2023-01-18T21:34:10.339Z"}
{"level":"info","message":"::1 - - [18/Jan/2023:21:34:56 +0000] \"GET /user HTTP/1.1\" 403 9 \"-\" \"PostmanRuntime/7.30.0\"\n","timestamp":"2023-01-18T21:34:56.012Z"}
{"level":"info","message":"::1 - - [18/Jan/2023:21:35:01 +0000] \"GET /user HTTP/1.1\" 200 5805 \"-\" \"PostmanRuntime/7.30.0\"\n","timestamp":"2023-01-18T21:35:01.495Z"}
{"level":"info","message":"::1 - - [18/Jan/2023:21:41:32 +0000] \"GET /user/owner HTTP/1.1\" 200 2 \"-\" \"PostmanRuntime/7.30.0\"\n","timestamp":"2023-01-18T21:41:32.567Z"}
{"level":"info","message":"::1 - - [18/Jan/2023:21:42:08 +0000] \"GET /user/admin HTTP/1.1\" 200 291 \"-\" \"PostmanRuntime/7.30.0\"\n","timestamp":"2023-01-18T21:42:08.040Z"}
{"level":"info","message":"::1 - - [18/Jan/2023:21:42:19 +0000] \"GET /user/3 HTTP/1.1\" 403 9 \"-\" \"PostmanRuntime/7.30.0\"\n","timestamp":"2023-01-18T21:42:19.768Z"}
{"level":"info","message":"::1 - - [18/Jan/2023:21:42:56 +0000] \"GET /user/3 HTTP/1.1\" 403 9 \"-\" \"PostmanRuntime/7.30.0\"\n","timestamp":"2023-01-18T21:42:56.133Z"}
{"level":"info","message":"::1 - - [18/Jan/2023:21:43:39 +0000] \"GET /user/3 HTTP/1.1\" 401 12 \"-\" \"PostmanRuntime/7.30.0\"\n","timestamp":"2023-01-18T21:43:39.976Z"}
{"level":"info","message":"::1 - - [18/Jan/2023:21:44:08 +0000] \"GET /user/3 HTTP/1.1\" 401 12 \"-\" \"PostmanRuntime/7.30.0\"\n","timestamp":"2023-01-18T21:44:08.726Z"}
{"level":"info","message":"::1 - - [18/Jan/2023:21:44:27 +0000] \"GET /user/3 HTTP/1.1\" 401 12 \"-\" \"PostmanRuntime/7.30.0\"\n","timestamp":"2023-01-18T21:44:27.601Z"}
{"level":"info","message":"::1 - - [18/Jan/2023:21:44:44 +0000] \"GET /user/3 HTTP/1.1\" 403 9 \"-\" \"PostmanRuntime/7.30.0\"\n","timestamp":"2023-01-18T21:44:44.685Z"}
{"level":"info","message":"::1 - - [18/Jan/2023:21:45:30 +0000] \"GET /user/3 HTTP/1.1\" 403 9 \"-\" \"PostmanRuntime/7.30.0\"\n","timestamp":"2023-01-18T21:45:30.203Z"}
{"level":"info","message":"::1 - - [18/Jan/2023:21:45:51 +0000] \"GET /user/3 HTTP/1.1\" 403 9 \"-\" \"PostmanRuntime/7.30.0\"\n","timestamp":"2023-01-18T21:45:51.945Z"}
{"level":"info","message":"::1 - - [18/Jan/2023:21:46:15 +0000] \"GET /user/3 HTTP/1.1\" 403 9 \"-\" \"PostmanRuntime/7.30.0\"\n","timestamp":"2023-01-18T21:46:15.697Z"}
{"level":"info","message":"::1 - - [18/Jan/2023:21:46:48 +0000] \"GET /user/3 HTTP/1.1\" 403 9 \"-\" \"PostmanRuntime/7.30.0\"\n","timestamp":"2023-01-18T21:46:48.788Z"}
{"level":"info","message":"::1 - - [18/Jan/2023:21:47:06 +0000] \"GET /user/3 HTTP/1.1\" 403 9 \"-\" \"PostmanRuntime/7.30.0\"\n","timestamp":"2023-01-18T21:47:06.819Z"}
{"level":"info","message":"::1 - - [18/Jan/2023:21:47:32 +0000] \"POST /user/login HTTP/1.1\" 200 278 \"-\" \"PostmanRuntime/7.30.0\"\n","timestamp":"2023-01-18T21:47:32.792Z"}
{"level":"info","message":"::1 - - [18/Jan/2023:21:47:46 +0000] \"GET /user/3 HTTP/1.1\" 403 9 \"-\" \"PostmanRuntime/7.30.0\"\n","timestamp":"2023-01-18T21:47:46.991Z"}
{"level":"info","message":"::1 - - [18/Jan/2023:21:48:43 +0000] \"GET /user/3 HTTP/1.1\" 403 9 \"-\" \"PostmanRuntime/7.30.0\"\n","timestamp":"2023-01-18T21:48:43.721Z"}
{"level":"info","message":"::1 - - [18/Jan/2023:21:49:09 +0000] \"GET /user/3 HTTP/1.1\" 403 9 \"-\" \"PostmanRuntime/7.30.0\"\n","timestamp":"2023-01-18T21:49:09.726Z"}
{"level":"info","message":"::1 - - [18/Jan/2023:21:50:34 +0000] \"GET /user/3 HTTP/1.1\" 403 9 \"-\" \"PostmanRuntime/7.30.0\"\n","timestamp":"2023-01-18T21:50:34.303Z"}
{"level":"info","message":"::1 - - [18/Jan/2023:21:51:19 +0000] \"GET /user/3 HTTP/1.1\" 401 12 \"-\" \"PostmanRuntime/7.30.0\"\n","timestamp":"2023-01-18T21:51:19.391Z"}
{"level":"info","message":"::1 - - [18/Jan/2023:21:51:49 +0000] \"GET /user/3 HTTP/1.1\" 403 9 \"-\" \"PostmanRuntime/7.30.0\"\n","timestamp":"2023-01-18T21:51:49.872Z"}
{"level":"info","message":"::1 - - [18/Jan/2023:21:52:08 +0000] \"POST /user/login HTTP/1.1\" 200 278 \"-\" \"PostmanRuntime/7.30.0\"\n","timestamp":"2023-01-18T21:52:08.712Z"}
{"level":"info","message":"::1 - - [18/Jan/2023:21:52:21 +0000] \"GET /user/3 HTTP/1.1\" 403 9 \"-\" \"PostmanRuntime/7.30.0\"\n","timestamp":"2023-01-18T21:52:21.609Z"}
